Removed Pin From Net: NetName=NetD5_2 Pin=L1-1
Removed Pin From Net: NetName=SERVO1_5V Pin=L1-2
Removed Pin From Net: NetName=NetD7_2 Pin=L2-1
Removed Pin From Net: NetName=SERVO2_5V Pin=L2-2
Added Component: Designator=L1(WE-PD2A_5848)
Add component (AddParameter): Name = "ComponentLink1Description"; Value = "Manufacturer"; VariantName = "[No Variations]"
Add component (AddParameter): Name = "ComponentLink1URL"; Value = "http://www.we-online.de"; VariantName = "[No Variations]"
Add component (AddParameter): Name = "ComponentLink2Description"; Value = "Datasheet"; VariantName = "[No Variations]"
Add component (AddParameter): Name = "ComponentLink2URL"; Value = "https://www.we-online.com/catalog/datasheet/784774033.pdf"; VariantName = "[No Variations]"
Add component (AddParameter): Name = "DC Resistance max."; Value = "0.06Ohm"; VariantName = "[No Variations]"
Add component (AddParameter): Name = "DC Resistance typ."; Value = "0.042Ohm"; VariantName = "[No Variations]"
Add component (AddParameter): Name = "Inductance"; Value = "3.3uH"; VariantName = "[No Variations]"
Add component (AddParameter): Name = "Manufacturer"; Value = "Wurth Elektronik"; VariantName = "[No Variations]"
Add component (AddParameter): Name = "Manufacturer Part Number"; Value = "784774033"; VariantName = "[No Variations]"
Add component (AddParameter): Name = "Mounting Technology"; Value = "SMT"; VariantName = "[No Variations]"
Add component (AddParameter): Name = "Operating Temperature"; Value = "-40 to +125degC"; VariantName = "[No Variations]"
Add component (AddParameter): Name = "Packaging"; Value = "Tape and Reel"; VariantName = "[No Variations]"
Add component (AddParameter): Name = "Published Date"; Value = "May 2020"; VariantName = "[No Variations]"
Add component (AddParameter): Name = "Rated Current"; Value = "3.7A"; VariantName = "[No Variations]"
Add component (AddParameter): Name = "Rated Voltage"; Value = "80VDC"; VariantName = "[No Variations]"
Add component (AddParameter): Name = "Saturation Current"; Value = "7.5A"; VariantName = "[No Variations]"
Add component (AddParameter): Name = "Self Resonant Frequency"; Value = "43MHz"; VariantName = "[No Variations]"
Add component (AddParameter): Name = "Size"; Value = "5848"; VariantName = "[No Variations]"
Added Component: Designator=L2(WE-PD2A_5848)
Add component (AddParameter): Name = "ComponentLink1Description"; Value = "Manufacturer"; VariantName = "[No Variations]"
Add component (AddParameter): Name = "ComponentLink1URL"; Value = "http://www.we-online.de"; VariantName = "[No Variations]"
Add component (AddParameter): Name = "ComponentLink2Description"; Value = "Datasheet"; VariantName = "[No Variations]"
Add component (AddParameter): Name = "ComponentLink2URL"; Value = "https://www.we-online.com/catalog/datasheet/784774033.pdf"; VariantName = "[No Variations]"
Add component (AddParameter): Name = "DC Resistance max."; Value = "0.06Ohm"; VariantName = "[No Variations]"
Add component (AddParameter): Name = "DC Resistance typ."; Value = "0.042Ohm"; VariantName = "[No Variations]"
Add component (AddParameter): Name = "Inductance"; Value = "3.3uH"; VariantName = "[No Variations]"
Add component (AddParameter): Name = "Manufacturer"; Value = "Wurth Elektronik"; VariantName = "[No Variations]"
Add component (AddParameter): Name = "Manufacturer Part Number"; Value = "784774033"; VariantName = "[No Variations]"
Add component (AddParameter): Name = "Mounting Technology"; Value = "SMT"; VariantName = "[No Variations]"
Add component (AddParameter): Name = "Operating Temperature"; Value = "-40 to +125degC"; VariantName = "[No Variations]"
Add component (AddParameter): Name = "Packaging"; Value = "Tape and Reel"; VariantName = "[No Variations]"
Add component (AddParameter): Name = "Published Date"; Value = "May 2020"; VariantName = "[No Variations]"
Add component (AddParameter): Name = "Rated Current"; Value = "3.7A"; VariantName = "[No Variations]"
Add component (AddParameter): Name = "Rated Voltage"; Value = "80VDC"; VariantName = "[No Variations]"
Add component (AddParameter): Name = "Saturation Current"; Value = "7.5A"; VariantName = "[No Variations]"
Add component (AddParameter): Name = "Self Resonant Frequency"; Value = "43MHz"; VariantName = "[No Variations]"
Add component (AddParameter): Name = "Size"; Value = "5848"; VariantName = "[No Variations]"
Added Pin To Net: NetName=NetD5_2 Pin=L1-1
Added Pin To Net: NetName=SERVO1_5V Pin=L1-2
Added Pin To Net: NetName=NetD7_2 Pin=L2-1
Added Pin To Net: NetName=SERVO2_5V Pin=L2-2
