Removed Pin From Net: NetName=GND Pin=ASM1-1
Removed Pin From Net: NetName=NetASM1_3 Pin=ASM1-3
Removed Pin From Net: NetName=NetASM1_3 Pin=C12-1
Removed Pin From Net: NetName=NetASM1_3 Pin=C13-2
Removed Pin From Net: NetName=GND Pin=C16-2
Removed Pin From Net: NetName=VCC_3V3 Pin=C17-1
Removed Pin From Net: NetName=GND Pin=C17-2
Removed Pin From Net: NetName=GND Pin=C18-1
Removed Pin From Net: NetName=VCC_3V3 Pin=C19-1
Removed Pin From Net: NetName=GND Pin=C19-2
Removed Pin From Net: NetName=GND Pin=C22-2
Removed Pin From Net: NetName=USB_5V Pin=C24-2
Removed Pin From Net: NetName=NetASM1_3 Pin=D3-2
Removed Pin From Net: NetName=GND Pin=D9-1
Removed Pin From Net: NetName=USB_5V Pin=D9-2
Removed Pin From Net: NetName=GND Pin=D10-1
Removed Pin From Net: NetName=D_N Pin=D10-2
Removed Pin From Net: NetName=GND Pin=D11-1
Removed Pin From Net: NetName=D_P Pin=D11-2
Removed Pin From Net: NetName=D_N Pin=J1-2
Removed Pin From Net: NetName=D_P Pin=J1-3
Removed Pin From Net: NetName=GND Pin=J1-4
Removed Pin From Net: NetName=5V_SERVO Pin=P5-2
Removed Pin From Net: NetName=5V_SERVO Pin=P6-2
Removed Pin From Net: NetName=VCC_3V3 Pin=R3-1
Removed Pin From Net: NetName=NetC3_2 Pin=R3-2
Removed Pin From Net: NetName=5V_SERVO Pin=R8-2
Removed Pin From Net: NetName=5V_SERVO Pin=R9-2
Removed Pin From Net: NetName=GND Pin=R19-1
Removed Pin From Net: NetName=GND Pin=U2-6
Removed Pin From Net: NetName=USB_5V Pin=U2-7
Removed Pin From Net: NetName=GND Pin=U2-10
Removed Pin From Net: NetName=GND Pin=U2-13
Removed Pin From Net: NetName=GND Pin=U2-14
Removed Pin From Net: NetName=GND Pin=U2-15
Removed Pin From Net: NetName=GND Pin=U2-16
Removed Pin From Net: NetName=GND Pin=U2-17
Removed Pin From Net: NetName=GND Pin=U2-18
Removed Pin From Net: NetName=GND Pin=U2-19
Removed Pin From Net: NetName=GND Pin=U2-20
Removed Pin From Net: NetName=GND Pin=U2-21
Removed Pin From Net: NetName=GND Pin=U2-22
Removed Member From Class: ClassName=UART_to_Micro_USB Member=C22
Removed Member From Class: ClassName=UART_to_Micro_USB Member=D10
Change Component Comment : Designator=VR1 Old Comment=LM2596S-5.0 New Comment=LM2576HVS-5.0/NOPB.
Change Component Designator: OldDesignator=1 NewDesignator=8Mhz
Change Component Designator: OldDesignator=C12 NewDesignator=C17
Change Component Designator: OldDesignator=C13 NewDesignator=C16
Change Component Designator: OldDesignator=C14 NewDesignator=C19
Change Component Designator: OldDesignator=C15 NewDesignator=C18
Change Component Designator: OldDesignator=C23 NewDesignator=C27
Change Component Designator: OldDesignator=C25 NewDesignator=C30
Change Component Designator: OldDesignator=D4 NewDesignator=D3
Change Component Designator: OldDesignator=D5 NewDesignator=D4
Change Component Designator: OldDesignator=D6 NewDesignator=D5
Change Component Designator: OldDesignator=D7 NewDesignator=D10
Change Component Designator: OldDesignator=D8 NewDesignator=D11
Change Component Designator: OldDesignator=R4 NewDesignator=R6
Change Component Designator: OldDesignator=R5 NewDesignator=R7
Change Component Designator: OldDesignator=R6 NewDesignator=R8
Change Component Designator: OldDesignator=R7 NewDesignator=R9
Change Component Designator: OldDesignator=R8 NewDesignator=R10
Change Component Designator: OldDesignator=R9 NewDesignator=R11
Change Component Designator: OldDesignator=R10 NewDesignator=R12
Change Component Designator: OldDesignator=R11 NewDesignator=R13
Change Component Designator: OldDesignator=R12 NewDesignator=R14
Change Component Designator: OldDesignator=R13 NewDesignator=R15
Change Component Designator: OldDesignator=R14 NewDesignator=R16
Change Component Designator: OldDesignator=R15 NewDesignator=R17
Change Component Designator: OldDesignator=R16 NewDesignator=R18
Change Component Designator: OldDesignator=R17 NewDesignator=R19
Change Component Designator: OldDesignator=R18 NewDesignator=R20
Change Component Designator: OldDesignator=R19 NewDesignator=R22
Change component parameters: Designator = "C1" ("C1"); Footprint = "CAP-SM-0805"; UniqueID = "\DYQEXHHA" ("\DYQEXHHA")
Change component parameters (AddParameter): Name = "Value"; Value = "20pF, 50V"; VariantName = "[No Variations]"
Change component parameters: Designator = "C2" ("C2"); Footprint = "CAP-SM-0805"; UniqueID = "\VPXPTGAP" ("\VPXPTGAP")
Change component parameters (AddParameter): Name = "Value"; Value = "20pF, 50V"; VariantName = "[No Variations]"
Change component parameters: Designator = "C3" ("C3"); Footprint = "CAP-SM-0805"; UniqueID = "\TUZZHUPG" ("\TUZZHUPG")
Change component parameters (AddParameter): Name = "Value"; Value = "0.1uF, 25V"; VariantName = "[No Variations]"
Change component parameters: Designator = "C7" ("C7"); Footprint = "CAP-SM-0805"; UniqueID = "\IYXBAHIX" ("\IYXBAHIX")
Change component parameters (AddParameter): Name = "Value"; Value = "4.7uF, 25V"; VariantName = "[No Variations]"
Change component parameters: Designator = "C8" ("C8"); Footprint = "CAP-SM-0805"; UniqueID = "\QVTNLXVD" ("\QVTNLXVD")
Change component parameters (AddParameter): Name = "Value"; Value = "4.7uF, 25V"; VariantName = "[No Variations]"
Change component parameters: Designator = "C9" ("C9"); Footprint = "CAP-SM-0805"; UniqueID = "\FTQIJBFN" ("\FTQIJBFN")
Change component parameters (AddParameter): Name = "Value"; Value = "4.7uF, 25V"; VariantName = "[No Variations]"
Change component parameters: Designator = "C10" ("C10"); Footprint = "CAP-SM-0805"; UniqueID = "\IBRWGWMN" ("\IBRWGWMN")
Change component parameters (AddParameter): Name = "Value"; Value = "100nF, 25V"; VariantName = "[No Variations]"
Change component parameters: Designator = "C11" ("C11"); Footprint = "CAP-SM-0805"; UniqueID = "\FHTARTWZ" ("\FHTARTWZ")
Change component parameters (AddParameter): Name = "Value"; Value = "100nF, 25V"; VariantName = "[No Variations]"
Change component parameters: Designator = "C20" ("C20"); Footprint = "CAP ALU SIZE B"; UniqueID = "\LEQNLHXF" ("\LEQNLHXF")
Change component parameters (AddParameter): Name = "Value"; Value = "100uF, 25V"; VariantName = "[No Variations]"
Change component parameters: Designator = "C21" ("C21"); Footprint = "CAP ALU SIZE B"; UniqueID = "\RLQSZHIG" ("\RLQSZHIG")
Change component parameters (AddParameter): Name = "Value"; Value = "1000uF, 25V"; VariantName = "[No Variations]"
Change component parameters: Designator = "C25" ("C25"); Footprint = "CAP-SM-0805"; UniqueID = "\HSKDGVFI" ("\HSKDGVFI")
Change component parameters (AddParameter): Name = "Value"; Value = "10uF, 16V"; VariantName = "[No Variations]"
Change component parameters: Designator = "L1" ("L1"); Footprint = "INDUCTOR 12.5x12.5"; UniqueID = "\ZNKHEVFE" ("\ZNKHEVFE")
Change component parameters (AddParameter): Name = "Value"; Value = "100uH, 4.5A"; VariantName = "[No Variations]"
Change component parameters: Designator = "R4" ("R4"); Footprint = "RES-SM-0805"; UniqueID = "\OIRTUYID" ("\OIRTUYID")
Change component parameters (AddParameter): Name = "Value"; Value = "330R"; VariantName = "[No Variations]"
Change component parameters: Designator = "R5" ("R5"); Footprint = "RES-SM-0805"; UniqueID = "\GFXLYDIU" ("\GFXLYDIU")
Change component parameters (AddParameter): Name = "Value"; Value = "330R"; VariantName = "[No Variations]"
Change component parameters: Designator = "R16" ("R16"); Footprint = "RES-SM-0805"; UniqueID = "\COFQORAB" ("\COFQORAB")
Change component parameters (AddParameter): Name = "Value"; Value = "330R"; VariantName = "[No Variations]"
Change component parameters: Designator = "R17" ("R17"); Footprint = "RES-SM-0805"; UniqueID = "\IARLVBFM" ("\IARLVBFM")
Change component parameters (AddParameter): Name = "Value"; Value = "330R"; VariantName = "[No Variations]"
Change component parameters: Designator = "R18" ("R18"); Footprint = "RES-SM-0805"; UniqueID = "\XOZWOLID" ("\XOZWOLID")
Change component parameters (AddParameter): Name = "Value"; Value = "330R"; VariantName = "[No Variations]"
Change component parameters: Designator = "R19" ("R19"); Footprint = "RES-SM-0805"; UniqueID = "\YATZSBSR" ("\YATZSBSR")
Change component parameters (AddParameter): Name = "Value"; Value = "4.7K"; VariantName = "[No Variations]"
Added Component: Designator=ASM1(SOT223-4N)
Add component (AddParameter): Name = "Value"; Value = "LM317"; VariantName = "[No Variations]"
Added Component: Designator=C12(CAP-SM-0805)
Add component (AddParameter): Name = "Value"; Value = "0.1uF, 25V"; VariantName = "[No Variations]"
Added Component: Designator=C13(CAP-SM-0805)
Add component (AddParameter): Name = "Value"; Value = "10uF, 25V"; VariantName = "[No Variations]"
Added Component: Designator=C14(CAP-SM-0805)
Add component (AddParameter): Name = "Value"; Value = "0.1uF, 25V"; VariantName = "[No Variations]"
Added Component: Designator=C15(CAP-SM-0805)
Add component (AddParameter): Name = "Value"; Value = "10uF, 25V"; VariantName = "[No Variations]"
Added Component: Designator=C22(CAP ALU SIZE B)
Add component (AddParameter): Name = "Value"; Value = "100uF, 25V"; VariantName = "[No Variations]"
Added Component: Designator=C23(CAP ALU SIZE B)
Add component (AddParameter): Name = "Value"; Value = "1000uF, 25V"; VariantName = "[No Variations]"
Added Component: Designator=C24(CAP-SM-0805)
Add component (AddParameter): Name = "Value"; Value = "1uF"; VariantName = "[No Variations]"
Added Component: Designator=C25(CAP-SM-0805)
Add component (AddParameter): Name = "Value"; Value = "0.1uF"; VariantName = "[No Variations]"
Added Component: Designator=C26(CAP-SM-0805)
Add component (AddParameter): Name = "Value"; Value = "4.7uF"; VariantName = "[No Variations]"
Added Component: Designator=C28(CAP-SM-0805)
Add component (AddParameter): Name = "Value"; Value = "100uF, 16V"; VariantName = "[No Variations]"
Added Component: Designator=C29(CAP-SM-0805)
Add component (AddParameter): Name = "Value"; Value = "10uF, 16V"; VariantName = "[No Variations]"
Added Component: Designator=C31(CAP-SM-0805)
Add component (AddParameter): Name = "Value"; Value = "10uF, 16V"; VariantName = "[No Variations]"
Added Component: Designator=D6(SS34)
Add component (AddParameter): Name = "Code_JEDEC"; Value = "DO-214-AA"; VariantName = "[No Variations]"
Add component (AddParameter): Name = "LatestRevisionDate"; Value = "17-Jul-2002"; VariantName = "[No Variations]"
Add component (AddParameter): Name = "LatestRevisionNote"; Value = "Re-released for DXP Platform."; VariantName = "[No Variations]"
Add component (AddParameter): Name = "PackageDescription"; Value = "DO-214-AA/SMB; 2 C-Bend Leads; Body 5.3 x 3.6 mm, inc. leads (LxW)"; VariantName = "[No Variations]"
Add component (AddParameter): Name = "PackageReference"; Value = "SMB"; VariantName = "[No Variations]"
Add component (AddParameter): Name = "Published"; Value = "8-Jun-2000"; VariantName = "[No Variations]"
Add component (AddParameter): Name = "Publisher"; Value = "Altium Limited"; VariantName = "[No Variations]"
Added Component: Designator=D7(SS34)
Add component (AddParameter): Name = "Code_JEDEC"; Value = "DO-214-AA"; VariantName = "[No Variations]"
Add component (AddParameter): Name = "LatestRevisionDate"; Value = "17-Jul-2002"; VariantName = "[No Variations]"
Add component (AddParameter): Name = "LatestRevisionNote"; Value = "Re-released for DXP Platform."; VariantName = "[No Variations]"
Add component (AddParameter): Name = "PackageDescription"; Value = "DO-214-AA/SMB; 2 C-Bend Leads; Body 5.3 x 3.6 mm, inc. leads (LxW)"; VariantName = "[No Variations]"
Add component (AddParameter): Name = "PackageReference"; Value = "SMB"; VariantName = "[No Variations]"
Add component (AddParameter): Name = "Published"; Value = "8-Jun-2000"; VariantName = "[No Variations]"
Add component (AddParameter): Name = "Publisher"; Value = "Altium Limited"; VariantName = "[No Variations]"
Added Component: Designator=D8(SODFL2512X100N)
Add component (AddParameter): Name = "Availability"; Value = "In Stock"; VariantName = "[No Variations]"
Add component (AddParameter): Name = "MF"; Value = "ON Semiconductor"; VariantName = "[No Variations]"
Add component (AddParameter): Name = "MP"; Value = "1N4148WS"; VariantName = "[No Variations]"
Add component (AddParameter): Name = "Package"; Value = "SOD-323FL-2 ON Semiconductor"; VariantName = "[No Variations]"
Add component (AddParameter): Name = "Price"; Value = "None"; VariantName = "[No Variations]"
Add component (AddParameter): Name = "Purchase-URL"; Value = "https://pricing.snapeda.com/search/part/1N4148WS/?ref=eda"; VariantName = "[No Variations]"
Add component (AddParameter): Name = "Value"; Value = ""; VariantName = "[No Variations]"
Added Component: Designator=D9(WE-TVS_SOT23-6L)
Add component (AddParameter): Name = "Channel"; Value = "4+1"; VariantName = "[No Variations]"
Add component (AddParameter): Name = "Channel Input Capacitance"; Value = "1pF"; VariantName = "[No Variations]"
Add component (AddParameter): Name = "ComponentLink1Description"; Value = "Manufacturer"; VariantName = "[No Variations]"
Add component (AddParameter): Name = "ComponentLink1URL"; Value = "http://www.we-online.de"; VariantName = "[No Variations]"
Add component (AddParameter): Name = "ComponentLink2Description"; Value = "Datasheet"; VariantName = "[No Variations]"
Add component (AddParameter): Name = "ComponentLink2URL"; Value = "https://www.we-online.com/catalog/datasheet/824001.pdf"; VariantName = "[No Variations]"
Add component (AddParameter): Name = "DC Operating Voltage"; Value = "5V"; VariantName = "[No Variations]"
Add component (AddParameter): Name = "Manufacturer"; Value = "Wurth Elektronik"; VariantName = "[No Variations]"
Add component (AddParameter): Name = "Manufacturer Part Number"; Value = "824001"; VariantName = "[No Variations]"
Add component (AddParameter): Name = "Mounting Technology"; Value = "SMT"; VariantName = "[No Variations]"
Add component (AddParameter): Name = "Operating Temperature"; Value = "-40 to +125degC"; VariantName = "[No Variations]"
Add component (AddParameter): Name = "Packaging"; Value = "Tape and Reel"; VariantName = "[No Variations]"
Add component (AddParameter): Name = "Published Date"; Value = "April 2020"; VariantName = "[No Variations]"
Add component (AddParameter): Name = "Reverse Breakdown Voltage min."; Value = "6.2V"; VariantName = "[No Variations]"
Add component (AddParameter): Name = "Reverse Channel Leakage Current"; Value = "5uA"; VariantName = "[No Variations]"
Add component (AddParameter): Name = "Reverse Peak Pulse Current"; Value = "5A"; VariantName = "[No Variations]"
Add component (AddParameter): Name = "Size"; Value = "SOT23-6L"; VariantName = "[No Variations]"
Added Component: Designator=D12(LED_0603_Blue)
Added Component: Designator=F1(FUSE SMD)
Added Component: Designator=F3(FUSE SMD)
Added Component: Designator=L2(INDUCTOR 12.5x12.5)
Add component (AddParameter): Name = "Value"; Value = "100uH, 4.5A"; VariantName = "[No Variations]"
Added Component: Designator=P12(653002117322)
Add component (AddParameter): Name = "ComponentLink1Description"; Value = "Manufacturer"; VariantName = "[No Variations]"
Add component (AddParameter): Name = "ComponentLink1URL"; Value = "http://www.we-online.de"; VariantName = "[No Variations]"
Add component (AddParameter): Name = "ComponentLink2Description"; Value = "Datasheet"; VariantName = "[No Variations]"
Add component (AddParameter): Name = "ComponentLink2URL"; Value = "https://www.we-online.com/catalog/datasheet/653002117322.pdf"; VariantName = "[No Variations]"
Add component (AddParameter): Name = "Contact Resistance"; Value = "20mOhm"; VariantName = "[No Variations]"
Add component (AddParameter): Name = "Gender"; Value = "Male"; VariantName = "[No Variations]"
Add component (AddParameter): Name = "Mounting Technology"; Value = "THT"; VariantName = "[No Variations]"
Add component (AddParameter): Name = "Operating Temperature"; Value = "-40 to +85degC"; VariantName = "[No Variations]"
Add component (AddParameter): Name = "Packaging"; Value = "Tube"; VariantName = "[No Variations]"
Add component (AddParameter): Name = "Part Number"; Value = "653002117322"; VariantName = "[No Variations]"
Add component (AddParameter): Name = "Pin Number"; Value = "2"; VariantName = "[No Variations]"
Add component (AddParameter): Name = "Pitch"; Value = "1.25mm"; VariantName = "[No Variations]"
Add component (AddParameter): Name = "Published Date"; Value = "January 2020"; VariantName = "[No Variations]"
Add component (AddParameter): Name = "Publisher"; Value = "Wurth Elektronik"; VariantName = "[No Variations]"
Add component (AddParameter): Name = "Rated Current"; Value = "1A"; VariantName = "[No Variations]"
Add component (AddParameter): Name = "Type"; Value = "Horizontal"; VariantName = "[No Variations]"
Add component (AddParameter): Name = "Withstanding Voltage"; Value = "250VAC"; VariantName = "[No Variations]"
Add component (AddParameter): Name = "Working Voltage"; Value = "125VAC"; VariantName = "[No Variations]"
Added Component: Designator=R3(RES-SM-0805)
Add component (AddParameter): Name = "Value"; Value = "10K"; VariantName = "[No Variations]"
Added Component: Designator=R4(RES-SM-0805)
Add component (AddParameter): Name = "Value"; Value = "10K"; VariantName = "[No Variations]"
Added Component: Designator=R5(RES-SM-0805)
Add component (AddParameter): Name = "Value"; Value = "10K"; VariantName = "[No Variations]"
Added Component: Designator=R21(RES-SM-0805)
Add component (AddParameter): Name = "Value"; Value = "330R"; VariantName = "[No Variations]"
Added Component: Designator=VR2(TO170P1524X483-6N)
Add component (AddParameter): Name = "Availability"; Value = "In Stock"; VariantName = "[No Variations]"
Add component (AddParameter): Name = "Check_prices"; Value = "https://www.snapeda.com/parts/LM2596S-5.0/NOPB/Texas+Instruments/view-part/?ref=eda"; VariantName = "[No Variations]"
Add component (AddParameter): Name = "MF"; Value = "Texas Instruments"; VariantName = "[No Variations]"
Add component (AddParameter): Name = "MP"; Value = "LM2596S-5.0/NOPB"; VariantName = "[No Variations]"
Add component (AddParameter): Name = "Package"; Value = "TO-263-5 Texas Instruments"; VariantName = "[No Variations]"
Add component (AddParameter): Name = "Price"; Value = "None"; VariantName = "[No Variations]"
Add component (AddParameter): Name = "Purchase-URL"; Value = "https://pricing.snapeda.com/search/part/LM2596S-5.0/NOPB/?ref=eda"; VariantName = "[No Variations]"
Add component (AddParameter): Name = "SnapEDA_Link"; Value = "https://www.snapeda.com/parts/LM2596S-5.0/NOPB/Texas+Instruments/view-part/?ref=snap"; VariantName = "[No Variations]"
Add component (AddParameter): Name = "Value"; Value = ""; VariantName = "[No Variations]"
Added Pin To Net: NetName=5V_SERVO Pin=ASM1-2
Added Pin To Net: NetName=NetASM1_3 Pin=ASM1-3
Added Pin To Net: NetName=5V_SERVO Pin=ASM1-4
Added Pin To Net: NetName=5V_SERVO Pin=ASM2-3
Added Pin To Net: NetName=NetASM1_3 Pin=C12-1
Added Pin To Net: NetName=NetASM1_3 Pin=C13-1
Added Pin To Net: NetName=5V_SERVO Pin=C14-1
Added Pin To Net: NetName=5V_SERVO Pin=C15-1
Added Pin To Net: NetName=5V_SERVO Pin=C16-2
Added Pin To Net: NetName=5V_SERVO Pin=C17-1
Added Pin To Net: NetName=VCC_3V3 Pin=C18-1
Added Pin To Net: NetName=VCC_3V3 Pin=C19-1
Added Pin To Net: NetName=GND Pin=C22-2
Added Pin To Net: NetName=GND Pin=C23-2
Added Pin To Net: NetName=GND Pin=C24-1
Added Pin To Net: NetName=GND Pin=C25-1
Added Pin To Net: NetName=GND Pin=C26-1
Added Pin To Net: NetName=VCC Pin=C26-2
Added Pin To Net: NetName=VCC Pin=C27-2
Added Pin To Net: NetName=GND Pin=C28-1
Added Pin To Net: NetName=USB_5V Pin=C28-2
Added Pin To Net: NetName=GND Pin=C29-1
Added Pin To Net: NetName=VCC Pin=C29-2
Added Pin To Net: NetName=GND Pin=C31-1
Added Pin To Net: NetName=VCC Pin=C31-2
Added Pin To Net: NetName=GND Pin=D7-1
Added Pin To Net: NetName=USB_5V Pin=D8-A
Added Pin To Net: NetName=GND Pin=D9-2
Added Pin To Net: NetName=D_P Pin=D9-4
Added Pin To Net: NetName=USB_5V Pin=D9-5
Added Pin To Net: NetName=D_N Pin=D9-6
Added Pin To Net: NetName=NetASM1_3 Pin=F1-2
Added Pin To Net: NetName=GND Pin=P1-3
Added Pin To Net: NetName=GND Pin=P1-6
Added Pin To Net: NetName=SERVO_5V Pin=P5-2
Added Pin To Net: NetName=5V_SERVO Pin=P10-1
Added Pin To Net: NetName=GND Pin=P12-1
Added Pin To Net: NetName=VCC_3V3 Pin=Q1-1
Added Pin To Net: NetName=VCC_3V3 Pin=Q2-1
Added Pin To Net: NetName=VCC_3V3 Pin=Q3-1
Added Pin To Net: NetName=VCC_3V3 Pin=Q4-1
Added Pin To Net: NetName=VCC_3V3 Pin=R3-1
Added Pin To Net: NetName=NetC3_2 Pin=R3-2
Added Pin To Net: NetName=VCC_3V3 Pin=R4-1
Added Pin To Net: NetName=Net2_4 Pin=R4-2
Added Pin To Net: NetName=VCC_3V3 Pin=R5-1
Added Pin To Net: NetName=Net2_3 Pin=R5-2
Added Pin To Net: NetName=VCC_3V3 Pin=R6-2
Added Pin To Net: NetName=VCC_3V3 Pin=R7-2
Added Pin To Net: NetName=SERVO_5V Pin=R10-2
Added Pin To Net: NetName=VCC_3V3 Pin=R14-2
Added Pin To Net: NetName=VCC_3V3 Pin=R15-2
Added Pin To Net: NetName=VCC_3V3 Pin=R16-2
Added Pin To Net: NetName=VCC_3V3 Pin=R17-2
Added Pin To Net: NetName=VCC_3V3 Pin=R19-2
Added Pin To Net: NetName=VCC_3V3 Pin=R20-2
Added Pin To Net: NetName=VCC_3V3 Pin=R21-2
Added Pin To Net: NetName=VCC_3V3 Pin=R22-1
Added Pin To Net: NetName=VCC_3V3 Pin=U1-1
Added Pin To Net: NetName=VCC Pin=U2-6
Added Pin To Net: NetName=GND Pin=VR2-3
Added Pin To Net: NetName=GND Pin=VR2-5
Added Pin To Net: NetName=GND Pin=VR2-6
Change Net Name : Old Net Name=5V_SERVO New Net Name=VCC_5V
Change Net Name : Old Net Name=Net1_1 New Net Name=Net8Mhz_1
Change Net Name : Old Net Name=Net1_2 New Net Name=Net8Mhz_2
Change Net Name : Old Net Name=NetD4_2 New Net Name=NetD3_2
Change Net Name : Old Net Name=NetD5_1 New Net Name=NetD4_1
Change Net Name : Old Net Name=NetD6_2 New Net Name=NetD5_2
Change Net Name : Old Net Name=NetD7_1 New Net Name=NetD10_1
Change Net Name : Old Net Name=NetD8_1 New Net Name=NetD11_1
Change Net Name : Old Net Name=SERVO_5V New Net Name=SERVO1_5V
Change Net Name : Old Net Name=VCC New Net Name=VCC_3.3V
Added Pin To Net: NetName=LIPO_3S_11.4V Pin=F1-1
Added Pin To Net: NetName=LIPO_3S_11.4V Pin=F2-1
Added Pin To Net: NetName=LIPO_3S_11.4V Pin=F3-1
Added Pin To Net: NetName=LIPO_3S_11.4V Pin=P9-2
Added Net: Name=LIPO_3S_11.4V
Added Pin To Net: NetName=NetASM1_1 Pin=ASM1-1
Added Pin To Net: NetName=NetASM1_1 Pin=C12-2
Added Pin To Net: NetName=NetASM1_1 Pin=C13-2
Added Pin To Net: NetName=NetASM1_1 Pin=C14-2
Added Pin To Net: NetName=NetASM1_1 Pin=C15-2
Added Net: Name=NetASM1_1
Added Pin To Net: NetName=NetC22_1 Pin=C22-1
Added Pin To Net: NetName=NetC22_1 Pin=D6-2
Added Pin To Net: NetName=NetC22_1 Pin=VR2-1
Added Net: Name=NetC22_1
Added Pin To Net: NetName=NetD6_1 Pin=D6-1
Added Pin To Net: NetName=NetD6_1 Pin=F3-2
Added Net: Name=NetD6_1
Added Pin To Net: NetName=NetD7_2 Pin=D7-2
Added Pin To Net: NetName=NetD7_2 Pin=L2-1
Added Pin To Net: NetName=NetD7_2 Pin=VR2-2
Added Net: Name=NetD7_2
Added Pin To Net: NetName=NetD9_1 Pin=D9-1
Added Pin To Net: NetName=NetD9_1 Pin=J1-2
Added Net: Name=NetD9_1
Added Pin To Net: NetName=NetD9_3 Pin=D9-3
Added Pin To Net: NetName=NetD9_3 Pin=J1-3
Added Net: Name=NetD9_3
Added Pin To Net: NetName=NetD12_1 Pin=D12-1
Added Pin To Net: NetName=NetD12_1 Pin=R21-1
Added Net: Name=NetD12_1
Added Pin To Net: NetName=NetM1_2 Pin=M1-2
Added Pin To Net: NetName=NetM1_2 Pin=U1-29
Added Net: Name=NetM1_2
Added Pin To Net: NetName=NSUSPEND Pin=D12-2
Added Pin To Net: NetName=NSUSPEND Pin=U2-11
Added Net: Name=NSUSPEND
Added Pin To Net: NetName=SERVO2_5V Pin=C23-1
Added Pin To Net: NetName=SERVO2_5V Pin=L2-2
Added Pin To Net: NetName=SERVO2_5V Pin=P6-2
Added Pin To Net: NetName=SERVO2_5V Pin=P12-2
Added Pin To Net: NetName=SERVO2_5V Pin=R11-2
Added Pin To Net: NetName=SERVO2_5V Pin=VR2-4
Added Net: Name=SERVO2_5V
Added Pin To Net: NetName=UART_5V Pin=C24-2
Added Pin To Net: NetName=UART_5V Pin=C25-2
Added Pin To Net: NetName=UART_5V Pin=D8-C
Added Pin To Net: NetName=UART_5V Pin=U2-7
Added Pin To Net: NetName=UART_5V Pin=U2-8
Added Net: Name=UART_5V
Added Member To Class: ClassName=Power_Supply Member=Component C22 Cap Pol SMD
Added Member To Class: ClassName=Power_Supply Member=Component C23 Cap Pol SMD
Added Member To Class: ClassName=UART_to_Micro_USB Member=Component C25 Cap Non-Pol SMD
Added Member To Class: ClassName=UART_to_Micro_USB Member=Component C26 Cap Non-Pol SMD
Added Member To Class: ClassName=UART_to_Micro_USB Member=Component C28 Cap Non-Pol SMD
Added Member To Class: ClassName=Sensor_Input Member=Component C29 Cap Non-Pol SMD
Added Member To Class: ClassName=Sensor_Input Member=Component C31 Cap Non-Pol SMD
Added Member To Class: ClassName=Power_Supply Member=Component D7 D Schottky
Added Member To Class: ClassName=UART_to_Micro_USB Member=Component D12 LED SMD
Added Member To Class: ClassName=Power_Supply Member=Component F1 Fuse
Added Member To Class: ClassName=Power_Supply Member=Component F2 Fuse
Added Member To Class: ClassName=Power_Supply Member=Component F3 Fuse
Added Member To Class: ClassName=Power_Supply Member=Component L2 Inductor
Added Member To Class: ClassName=Power_Supply Member=Component P12 653002117322
Added Member To Class: ClassName=MCU Member=Component R8 RESISTOR SMD
Added Member To Class: ClassName=MCU Member=Component R9 RESISTOR SMD
Added Member To Class: ClassName=UART_to_Micro_USB Member=Component R21 RESISTOR SMD
Added Member To Class: ClassName=Power_Supply Member=Component VR2 LM2576HVS-5.0/NOPB.
